
*** LogCollector started at 1579863104 ***
[0m[1m[2020-01-24 11:51:44.413] [0m[32;1m(INFO)[0m [Producer.my_pd0 ]Receive an INI section
    <Configuration>
      <Section title="">
        <EUDAQ_LOG_ADDR>tcp://127.0.0.1:37263</EUDAQ_LOG_ADDR>
        <Name>/home/lhuth/bttb8_daq_tutorial/configs/example.ini</Name>
      </Section>
      <Section title="Producer.my_pd0">
        <EX0_DEV_LOCK_PATH>/tmp/mydev0.lock</EX0_DEV_LOCK_PATH>
      </Section>
    </Configuration>

[0m[1m[2020-01-24 11:51:44.413] [0m[32;1m(INFO)[0m [Producer.my_pd0 ]Producer.my_pd0 is to be initialised...
[0m[1m[2020-01-24 11:51:44.414] [0m[32;1m(INFO)[0m [Producer.my_pd0 ]Producer.my_pd0 is initialised.
[0m[1m[2020-01-24 11:51:44.514] [0m[32;1m(INFO)[0m [Producer.my_pd1 ]Receive an INI section
    <Configuration>
      <Section title="">
        <EUDAQ_LOG_ADDR>tcp://127.0.0.1:37263</EUDAQ_LOG_ADDR>
        <Name>/home/lhuth/bttb8_daq_tutorial/configs/example.ini</Name>
      </Section>
      <Section title="Producer.my_pd1">
        <EX0_DEV_LOCK_PATH>/tmp/mydev1.lock</EX0_DEV_LOCK_PATH>
      </Section>
    </Configuration>

[0m[1m[2020-01-24 11:51:44.514] [0m[32;1m(INFO)[0m [Producer.my_pd1 ]Producer.my_pd1 is to be initialised...
[0m[1m[2020-01-24 11:51:44.522] [0m[32;1m(INFO)[0m [Producer.my_pd1 ]Producer.my_pd1 is initialised.
[0m[1m[2020-01-24 11:51:44.615] [0m[32;1m(INFO)[0m [Monitor.my_mon ]Receive an INI section
    <Configuration>
      <Section title="">
        <EUDAQ_LOG_ADDR>tcp://127.0.0.1:37263</EUDAQ_LOG_ADDR>
        <Name>/home/lhuth/bttb8_daq_tutorial/configs/example.ini</Name>
      </Section>
    </Configuration>

[0m[1m[2020-01-24 11:51:44.615] [0m[32;1m(INFO)[0m [Monitor.my_mon ]Monitor.my_mon is to be initialised...
[0m[1m[2020-01-24 11:51:44.616] [0m[32;1m(INFO)[0m [Monitor.my_mon ]TCPServer:: Listening on port 34765
[0m[1m[2020-01-24 11:51:44.715] [0m[32;1m(INFO)[0m [DataCollector.my_dc ]Receive an INI section
    <Configuration>
      <Section title="">
        <EUDAQ_LOG_ADDR>tcp://127.0.0.1:37263</EUDAQ_LOG_ADDR>
        <Name>/home/lhuth/bttb8_daq_tutorial/configs/example.ini</Name>
      </Section>
    </Configuration>

[0m[1m[2020-01-24 11:51:44.716] [0m[32;1m(INFO)[0m [DataCollector.my_dc ]DataCollector.my_dc is to be initialised...
[0m[1m[2020-01-24 11:51:44.716] [0m[32;1m(INFO)[0m [DataCollector.my_dc ]TCPServer:: Listening on port 43457
[0m[1m[2020-01-24 11:51:45.617] [0m[32;1m(INFO)[0m [Monitor.my_mon ]Monitor.my_mon is initialised.
[0m[1m[2020-01-24 11:51:45.717] [0m[32;1m(INFO)[0m [DataCollector.my_dc ]DataCollector.my_dc is initialised.
[0m[1m[2020-01-24 11:51:54.478] [0m[32;1m(INFO)[0m [RunControl.RC-GUI ]Processing Configure command
[0m[1m[2020-01-24 11:51:54.479] [0m[32;1m(INFO)[0m [Producer.my_pd1 ]Receive a CONF section
    <Configuration>
      <Section title="">
        <DataCollector.my_dc>tcp://127.0.0.1:43457</DataCollector.my_dc>
        <LogCollector.log>tcp://127.0.0.1:37263</LogCollector.log>
        <Monitor.my_mon>tcp://127.0.0.1:34765</Monitor.my_mon>
        <Name>/home/lhuth/bttb8_daq_tutorial/configs/example.conf</Name>
      </Section>
      <Section title="Producer.my_pd1">
        <# EX0_ENABLE_TIMESTAMP>0</# EX0_ENABLE_TIMESTAMP>
        <EUDAQ_DC>my_dc</EUDAQ_DC>
        <EX0_DEV_LOCK_PATH>mylock1</EX0_DEV_LOCK_PATH>
        <EX0_DURATION_BUSY_MS>100</EX0_DURATION_BUSY_MS>
        <EX0_ENABLE_TRIGERNUMBER>1</EX0_ENABLE_TRIGERNUMBER>
        <EX0_PLANE_ID>1</EX0_PLANE_ID>
      </Section>
    </Configuration>

[0m[1m[2020-01-24 11:51:54.478] [0m[32;1m(INFO)[0m [Monitor.my_mon ]Receive a CONF section
    <Configuration>
      <Section title="">
        <DataCollector.my_dc>tcp://127.0.0.1:43457</DataCollector.my_dc>
        <LogCollector.log>tcp://127.0.0.1:37263</LogCollector.log>
        <Monitor.my_mon>tcp://127.0.0.1:34765</Monitor.my_mon>
        <Name>/home/lhuth/bttb8_daq_tutorial/configs/example.conf</Name>
      </Section>
      <Section title="Monitor.my_mon">
        <EX0_ENABLE_PRINT>0</EX0_ENABLE_PRINT>
        <EX0_ENABLE_STD_CONVERTER>1</EX0_ENABLE_STD_CONVERTER>
        <EX0_ENABLE_STD_PRINT>0</EX0_ENABLE_STD_PRINT>
      </Section>
    </Configuration>

[0m[1m[2020-01-24 11:51:54.479] [0m[32;1m(INFO)[0m [Producer.my_pd1 ]Producer.my_pd1 is to be configured...
[0m[1m[2020-01-24 11:51:54.479] [0m[32;1m(INFO)[0m [Monitor.my_mon ]Monitor.my_mon is to be configured...
[0m[1m[2020-01-24 11:51:54.479] [0m[32;1m(INFO)[0m [Monitor.my_mon ]Monitor.my_mon is configured.
[0m[1m[2020-01-24 11:51:54.479] [0m[32;1m(INFO)[0m [DataCollector.my_dc ]Receive a CONF section
    <Configuration>
      <Section title="">
        <DataCollector.my_dc>tcp://127.0.0.1:43457</DataCollector.my_dc>
        <LogCollector.log>tcp://127.0.0.1:37263</LogCollector.log>
        <Monitor.my_mon>tcp://127.0.0.1:34765</Monitor.my_mon>
        <Name>/home/lhuth/bttb8_daq_tutorial/configs/example.conf</Name>
      </Section>
      <Section title="DataCollector.my_dc">
        <EUDAQ_DATACOL_SEND_MONITOR_FRACTION>10</EUDAQ_DATACOL_SEND_MONITOR_FRACTION>
        <EUDAQ_FW>native</EUDAQ_FW>
        <EUDAQ_FW_PATTERN>run$3R_$12D$X</EUDAQ_FW_PATTERN>
        <EUDAQ_MN>my_mon</EUDAQ_MN>
      </Section>
    </Configuration>

[0m[1m[2020-01-24 11:51:54.479] [0m[32;1m(INFO)[0m [DataCollector.my_dc ]DataCollector.my_dc is to be configured...
[0m[1m[2020-01-24 11:51:54.480] [0m[32;1m(INFO)[0m [Producer.my_pd0 ]Receive a CONF section
    <Configuration>
      <Section title="">
        <DataCollector.my_dc>tcp://127.0.0.1:43457</DataCollector.my_dc>
        <LogCollector.log>tcp://127.0.0.1:37263</LogCollector.log>
        <Monitor.my_mon>tcp://127.0.0.1:34765</Monitor.my_mon>
        <Name>/home/lhuth/bttb8_daq_tutorial/configs/example.conf</Name>
      </Section>
      <Section title="Producer.my_pd0">
        <EUDAQ_DC>my_dc</EUDAQ_DC>
        <EX0_DEV_LOCK_PATH>mylock0</EX0_DEV_LOCK_PATH>
        <EX0_DURATION_BUSY_MS>10</EX0_DURATION_BUSY_MS>
        <EX0_ENABLE_TRIGERNUMBER>1</EX0_ENABLE_TRIGERNUMBER>
        <EX0_PLANE_ID>0</EX0_PLANE_ID>
      </Section>
    </Configuration>

[0m[1m[2020-01-24 11:51:54.480] [0m[32;1m(INFO)[0m [Producer.my_pd0 ]Producer.my_pd0 is to be configured...
[0m[1m[2020-01-24 11:51:54.479] [0m[32;1m(INFO)[0m [Producer.my_pd1 ]Producer.my_pd1 is configured.
[0m[1m[2020-01-24 11:51:54.480] [0m[32;1m(INFO)[0m [DataCollector.my_dc ]DataCollector.my_dc is configured.
[0m[1m[2020-01-24 11:51:54.481] [0m[32;1m(INFO)[0m [Producer.my_pd0 ]Producer.my_pd0 is configured.
[0m[1m[2020-01-24 11:51:56.219] [0m[32;1m(INFO)[0m [RunControl.RC-GUI ]Processing StartRun command for RUN #89
[0m[1m[2020-01-24 11:51:56.320] [0m[32;1m(INFO)[0m [Monitor.my_mon ]RUN #89 is to be started...
[0m[1m[2020-01-24 11:51:56.320] [0m[32;1m(INFO)[0m [Monitor.my_mon ]RUN #89 is started.
[0m[1m[2020-01-24 11:51:57.420] [0m[32;1m(INFO)[0m [DataCollector.my_dc ]RUN #89 is to be started...
[0m[1m[2020-01-24 11:51:57.423] [0m[32;1m(INFO)[0m [Monitor.my_mon ]DataReceiver: Connection from <ConnectionTCP>
  <FD>tcp://127.0.0.1:42970</FD>
  <Connection>
    <Type>DataCollector</Type>
    <Name>my_dc</Name>
    <State>1</State>
  </Connection>
</ConnectionTCP>

[0m[1m[2020-01-24 11:51:57.423] [0m[32;1m(INFO)[0m [DataCollector.my_dc ]RUN #89 is started.
[0m[1m[2020-01-24 11:51:58.521] [0m[32;1m(INFO)[0m [Producer.my_pd1 ]RUN #89 is to be started...
[0m[1m[2020-01-24 11:51:58.523] [0m[32;1m(INFO)[0m [DataCollector.my_dc ]DataReceiver: Connection from <ConnectionTCP>
  <FD>tcp://127.0.0.1:34690</FD>
  <Connection>
    <Type>Producer</Type>
    <Name>my_pd1</Name>
    <State>1</State>
  </Connection>
</ConnectionTCP>

[0m[1m[2020-01-24 11:51:58.523] [0m[32;1m(INFO)[0m [Producer.my_pd1 ]RUN #89 is started.
[0m[1m[2020-01-24 11:51:59.621] [0m[32;1m(INFO)[0m [Producer.my_pd0 ]RUN #89 is to be started...
[0m[1m[2020-01-24 11:51:59.625] [0m[32;1m(INFO)[0m [DataCollector.my_dc ]DataReceiver: Connection from <ConnectionTCP>
  <FD>tcp://127.0.0.1:34694</FD>
  <Connection>
    <Type>Producer</Type>
    <Name>my_pd0</Name>
    <State>1</State>
  </Connection>
</ConnectionTCP>

[0m[1m[2020-01-24 11:51:59.626] [0m[32;1m(INFO)[0m [Producer.my_pd0 ]RUN #89 is started.
[0m[1m[2020-01-24 11:52:04.112] [0m[32;1m(INFO)[0m [RunControl.RC-GUI ]Processing StopRun command for RUN #89
[0m[1m[2020-01-24 11:52:04.112] [0m[32;1m(INFO)[0m [Producer.my_pd0 ]RUN #89 is to be stopped...
[0m[1m[2020-01-24 11:52:04.121] [0m[32;1m(INFO)[0m [Producer.my_pd0 ]RUN #89 is stopped.
[0m[1m[2020-01-24 11:52:04.131] [0m[32;1m(INFO)[0m [DataCollector.my_dc ]DataReceiver: Disconnected from <ConnectionTCP>
  <FD>tcp://127.0.0.1:34694</FD>
  <Connection>
    <Type>Producer</Type>
    <Name>my_pd0</Name>
    <State>0</State>
  </Connection>
</ConnectionTCP>

[0m[1m[2020-01-24 11:52:04.212] [0m[32;1m(INFO)[0m [Producer.my_pd1 ]RUN #89 is to be stopped...
[0m[1m[2020-01-24 11:52:04.231] [0m[32;1m(INFO)[0m [Producer.my_pd1 ]RUN #89 is stopped.
[0m[1m[2020-01-24 11:52:04.333] [0m[32;1m(INFO)[0m [DataCollector.my_dc ]DataReceiver: Disconnected from <ConnectionTCP>
  <FD>tcp://127.0.0.1:34690</FD>
  <Connection>
    <Type>Producer</Type>
    <Name>my_pd1</Name>
    <State>0</State>
  </Connection>
</ConnectionTCP>

[0m[1m[2020-01-24 11:52:05.212] [0m[32;1m(INFO)[0m [DataCollector.my_dc ]RUN #89 is to be stopped...
[0m[1m[2020-01-24 11:52:05.233] [0m[32;1m(INFO)[0m [Monitor.my_mon ]DataReceiver: Disconnected from <ConnectionTCP>
  <FD>tcp://127.0.0.1:42970</FD>
  <Connection>
    <Type>DataCollector</Type>
    <Name>my_dc</Name>
    <State>0</State>
  </Connection>
</ConnectionTCP>

[0m[1m[2020-01-24 11:52:05.925] [0m[32;1m(INFO)[0m [DataCollector.my_dc ]RUN #89 is stopped.
[0m[1m[2020-01-24 11:52:06.213] [0m[32;1m(INFO)[0m [Monitor.my_mon ]RUN #89 is to be stopped...
[0m[1m[2020-01-24 11:52:07.323] [0m[32;1m(INFO)[0m [Monitor.my_mon ]RUN #89 is stopped.
[0m[1m[2020-01-24 11:53:06.655] [0m[32;1m(INFO)[0m [RunControl.RC-GUI ]Processing Terminate command
